leaflet: 433.27 KB (14.4%)
proj4: 337.93 KB (11.2%)
@material-ui/core: 312.64 KB (10.4%)
esri-leaflet: 272.49 KB (9.04%)
esri-leaflet-renderers: 146.45 KB (4.86%)
@material-ui/styles: 144.3 KB (4.79%)
react-dom: 119.19 KB (3.95%)
popper.js: 86.41 KB (2.87%)
i18next: 73.4 KB (2.43%)
jss: 56.04 KB (1.86%)
react-transition-group: 54.62 KB (1.81%)
react-redux: 49.79 KB (1.65%)
redux-persist: 34.44 KB (1.14%)
react-i18next: 27.86 KB (0.924%)
redux: 23.59 KB (0.782%)
mgrs: 20.46 KB (0.679%)
react-leaflet: 20.27 KB (0.672%)
@material-ui/system: 18.14 KB (0.602%)
@babel/runtime: 14.69 KB (0.487%)
css-vendor: 14.49 KB (0.480%)
i18next-http-backend: 11.82 KB (0.392%)
@react-leaflet/core: 11.6 KB (0.385%)
wkt-parser: 11.41 KB (0.379%)
@terraformer/arcgis: 11.37 KB (0.377%)
@material-ui/utils: 9.65 KB (0.320%)
react: 7.63 KB (0.253%)
proj4leaflet: 7.56 KB (0.251%)
style-loader: 6.67 KB (0.221%)
@material-ui/icons: 6.29 KB (0.209%)
jss-plugin-default-unit: 5.8 KB (0.192%)
html-parse-stringify2: 5.32 KB (0.176%)
scheduler: 4.91 KB (0.163%)
jss-plugin-global: 4.01 KB (0.133%)
screenfull: 3.78 KB (0.125%)
jss-plugin-nested: 3.55 KB (0.118%)
react-is: 2.69 KB (0.0891%)
hoist-non-react-statics: 2.68 KB (0.0889%)
prop-types: 2.58 KB (0.0857%)
css-loader: 2.38 KB (0.0789%)
jss-plugin-rule-value-function: 2.3 KB (0.0762%)
object-assign: 2.06 KB (0.0683%)
tiny-binary-search: 1.93 KB (0.0642%)
jss-plugin-vendor-prefixer: 1.49 KB (0.0493%)
jss-plugin-camel-case: 1.46 KB (0.0483%)
dom-helpers: 1.21 KB (0.0401%)
symbol-observable: 1.04 KB (0.0346%)
node-fetch: 732 B (0.0237%)
clsx: 659 B (0.0213%)
jss-plugin-props-sort: 593 B (0.0192%)
is-in-browser: 510 B (0.0165%)
redux-thunk: 481 B (0.0156%)
hyphenate-style-name: 452 B (0.0146%)
void-elements: 376 B (0.0122%)
tiny-warning: 361 B (0.0117%)
<self>: 617.02 KB (20.5%)
